El dia y hora 09-06-2026 22:42:53 el usuario daniela.contreras211@mail.cl logró conectarse exitosamente.
El dia y hora 09-06-2026 22:46:06 el usuario daniela.contreras211@mail.cl logró conectarse exitosamente.
El dia y hora 09-06-2026 22:46:48 alguien falló al intentar conectarse con el usuario: tomascaca@mail.com.
El dia y hora 09-06-2026 22:48:05 alguien falló al intentar conectarse con el usuario: asdasd@mail.com.
El dia y hora 09-06-2026 22:48:14 el usuario daniela.contreras211@mail.cl logró conectarse exitosamente.
El dia y hora 09-06-2026 22:49:24 el usuario daniela.contreras211@mail.cl cerró sesión.
El dia y hora 09-06-2026 22:50:17 el usuario daniela.contreras211@mail.cl logró conectarse exitosamente.
El dia y hora 10-06-2026 00:42:31 el usuario daniela.contreras211@mail.cl cerró sesión.
El dia y hora 10-06-2026 00:42:47 el usuario daniela.contreras211@mail.cl logró conectarse exitosamente.
El dia y hora 10-06-2026 13:37:03 el usuario daniela.contreras211@mail.cl logró conectarse exitosamente.
El dia y hora 10-06-2026 14:17:47 el usuario daniela.contreras211@mail.cl cerró sesión.
El dia y hora 10-06-2026 14:17:52 el usuario ignacio.quezada643@mail.cl logró conectarse exitosamente.
El dia y hora 10-06-2026 14:25:45 el usuario ignacio.quezada643@mail.cl cerró sesión.
El dia y hora 10-06-2026 14:26:05 el usuario ignacio.quezada643@mail.cl logró conectarse exitosamente.
El dia y hora 10-06-2026 14:26:27 el usuario ignacio.quezada643@mail.cl cerró sesión.
El dia y hora 10-06-2026 14:26:33 el usuario helena.fuentes397@mail.cl logró conectarse exitosamente.
El dia y hora 10-06-2026 14:31:01 el usuario helena.fuentes397@mail.cl cerró sesión.
El dia y hora 10-06-2026 14:31:11 alguien falló al intentar conectarse con el usuario: helena.fuentes397@mail.cl.
El dia y hora 10-06-2026 14:31:18 el usuario helena.fuentes397@mail.cl logró conectarse exitosamente.
El dia y hora 11-06-2026 17:01:39 el usuario helena.fuentes397@mail.cl cerró sesión.
El dia y hora 11-06-2026 21:32:05 el usuario helena.fuentes397@mail.cl logró conectarse exitosamente.
El dia y hora 12-06-2026 20:24:45 el usuario helena.fuentes397@mail.cl cerró sesión.
El dia y hora 12-06-2026 21:21:52 el usuario patricia.nunez551@mail.cl logró conectarse exitosamente.
El dia y hora 12-06-2026 21:47:30 el usuario patricia.nunez551@mail.cl cerró sesión.
El dia y hora 12-06-2026 21:47:37 el usuario ignacio.quezada643@mail.cl logró conectarse exitosamente.
El dia y hora 12-06-2026 23:53:22 el usuario ignacio.quezada643@mail.cl cerró sesión.
El dia y hora 13-06-2026 01:38:09 el usuario beatriz.iturra189@mail.cl logró conectarse exitosamente.
